[    16.510] 
X.Org X Server 1.21.1.13
X Protocol Version 11, Revision 0
[    16.510] Current Operating System: Linux acer 6.8.9-zen1-2-zen #1 ZEN SMP PREEMPT_DYNAMIC Tue, 07 May 2024 22:06:02 +0000 x86_64
[    16.510] Kernel command line: BOOT_IMAGE=/vmlinuz-linux-zen root=UUID=a7e820b4-9bba-48cd-a94b-05fd53ca4746 rw loglevel=3 quiet
[    16.510]  
[    16.510] Current version of pixman: 0.43.4
[    16.510] 	Before reporting problems, check http://wiki.x.org
	to make sure that you have the latest version.
[    16.510] Markers: (--) probed, (**) from config file, (==) default setting,
	(++) from command line, (!!) notice, (II) informational,
	(WW) warning, (EE) error, (NI) not implemented, (??) unknown.
[    16.510] (==) Log file: "/home/mikolaj/.local/share/xorg/Xorg.0.log", Time: Sun May 12 05:31:20 2024
[    16.511] (==) Using config directory: "/etc/X11/xorg.conf.d"
[    16.511] (==) Using system config directory "/usr/share/X11/xorg.conf.d"
[    16.512] (==) No Layout section.  Using the first Screen section.
[    16.512] (==) No screen section available. Using defaults.
[    16.512] (**) |-->Screen "Default Screen Section" (0)
[    16.512] (**) |   |-->Monitor "<default monitor>"
[    16.512] (==) No monitor specified for screen "Default Screen Section".
	Using a default monitor configuration.
[    16.512] (**) Allowing byte-swapped clients
[    16.512] (==) Automatically adding devices
[    16.512] (==) Automatically enabling devices
[    16.512] (==) Automatically adding GPU devices
[    16.512] (==) Automatically binding GPU devices
[    16.512] (==) Max clients allowed: 256, resource mask: 0x1fffff
[    16.513] (WW) The directory "/usr/share/fonts/OTF" does not exist.
[    16.513] 	Entry deleted from font path.
[    16.513] (WW) The directory "/usr/share/fonts/Type1" does not exist.
[    16.513] 	Entry deleted from font path.
[    16.513] (WW) The directory "/usr/share/fonts/100dpi" does not exist.
[    16.513] 	Entry deleted from font path.
[    16.513] (WW) The directory "/usr/share/fonts/75dpi" does not exist.
[    16.513] 	Entry deleted from font path.
[    16.513] (==) FontPath set to:
	/usr/share/fonts/misc,
	/usr/share/fonts/TTF
[    16.513] (==) ModulePath set to "/usr/lib/xorg/modules"
[    16.513] (II) The server relies on udev to provide the list of input devices.
	If no devices become available, reconfigure udev or disable AutoAddDevices.
[    16.513] (II) Module ABI versions:
[    16.513] 	X.Org ANSI C Emulation: 0.4
[    16.513] 	X.Org Video Driver: 25.2
[    16.513] 	X.Org XInput driver : 24.4
[    16.513] 	X.Org Server Extension : 10.0
[    16.513] (++) using VT number 1

[    16.514] (II) systemd-logind: took control of session /org/freedesktop/login1/session/_31
[    16.514] (II) xfree86: Adding drm device (/dev/dri/card1)
[    16.514] (II) Platform probe for /sys/devices/pci0000:00/0000:00:01.0/0000:01:00.0/drm/card1
[    16.521] (II) systemd-logind: got fd for /dev/dri/card1 226:1 fd 13 paused 0
[    16.521] (II) xfree86: Adding drm device (/dev/dri/card2)
[    16.521] (II) Platform probe for /sys/devices/pci0000:00/0000:00:02.0/drm/card2
[    16.522] (II) systemd-logind: got fd for /dev/dri/card2 226:2 fd 14 paused 0
[    16.524] (--) PCI:*(0@0:2:0) 8086:9bc4:1025:143d rev 5, Mem @ 0x6013000000/16777216, 0x4000000000/268435456, I/O @ 0x00005000/64, BIOS @ 0x????????/131072
[    16.524] (--) PCI: (1@0:0:0) 10de:2191:1025:143e rev 161, Mem @ 0xa0000000/16777216, 0x6000000000/268435456, 0x6010000000/33554432, I/O @ 0x00004000/128, BIOS @ 0x????????/524288
[    16.524] (WW) Open ACPI failed (/var/run/acpid.socket) (No such file or directory)
[    16.524] (II) LoadModule: "glx"
[    16.524] (II) Loading /usr/lib/xorg/modules/extensions/libglx.so
[    16.528] (II) Module glx: vendor="X.Org Foundation"
[    16.528] 	compiled for 1.21.1.13, module version = 1.0.0
[    16.528] 	ABI class: X.Org Server Extension, version 10.0
[    16.528] (==) Matched intel as autoconfigured driver 0
[    16.528] (==) Matched nouveau as autoconfigured driver 1
[    16.528] (==) Matched nv as autoconfigured driver 2
[    16.528] (==) Matched modesetting as autoconfigured driver 3
[    16.528] (==) Matched fbdev as autoconfigured driver 4
[    16.528] (==) Matched vesa as autoconfigured driver 5
[    16.528] (==) Assigned the driver to the xf86ConfigLayout
[    16.528] (II) LoadModule: "intel"
[    16.528] (WW) Warning, couldn't open module intel
[    16.528] (EE) Failed to load module "intel" (module does not exist, 0)
[    16.528] (II) LoadModule: "nouveau"
[    16.528] (WW) Warning, couldn't open module nouveau
[    16.528] (EE) Failed to load module "nouveau" (module does not exist, 0)
[    16.528] (II) LoadModule: "nv"
[    16.528] (WW) Warning, couldn't open module nv
[    16.528] (EE) Failed to load module "nv" (module does not exist, 0)
[    16.528] (II) LoadModule: "modesetting"
[    16.528] (II) Loading /usr/lib/xorg/modules/drivers/modesetting_drv.so
[    16.530] (II) Module modesetting: vendor="X.Org Foundation"
[    16.530] 	compiled for 1.21.1.13, module version = 1.21.1
[    16.530] 	Module class: X.Org Video Driver
[    16.530] 	ABI class: X.Org Video Driver, version 25.2
[    16.530] (II) LoadModule: "fbdev"
[    16.530] (WW) Warning, couldn't open module fbdev
[    16.530] (EE) Failed to load module "fbdev" (module does not exist, 0)
[    16.530] (II) LoadModule: "vesa"
[    16.530] (WW) Warning, couldn't open module vesa
[    16.530] (EE) Failed to load module "vesa" (module does not exist, 0)
[    16.530] (II) modesetting: Driver for Modesetting Kernel Drivers: kms
[    16.530] (II) modeset(0): using drv /dev/dri/card2
[    16.530] (II) modeset(G0): using drv /dev/dri/card1
[    16.530] (WW) VGA arbiter: cannot open kernel arbiter, no multi-card support
[    16.530] (II) modeset(0): Creating default Display subsection in Screen section
	"Default Screen Section" for depth/fbbpp 24/32
[    16.530] (==) modeset(0): Depth 24, (==) framebuffer bpp 32
[    16.530] (==) modeset(0): RGB weight 888
[    16.530] (==) modeset(0): Default visual is TrueColor
[    16.530] (II) Loading sub module "glamoregl"
[    16.530] (II) LoadModule: "glamoregl"
[    16.530] (II) Loading /usr/lib/xorg/modules/libglamoregl.so
[    16.534] (II) Module glamoregl: vendor="X.Org Foundation"
[    16.534] 	compiled for 1.21.1.13, module version = 1.0.1
[    16.534] 	ABI class: X.Org ANSI C Emulation, version 0.4
[    16.625] (II) modeset(0): glamor X acceleration enabled on Mesa Intel(R) UHD Graphics (CML GT2)
[    16.625] (II) modeset(0): glamor initialized
[    16.625] (==) modeset(0): VariableRefresh: disabled
[    16.625] (==) modeset(0): AsyncFlipSecondaries: disabled
[    16.627] (II) modeset(0): Output eDP-1 has no monitor section
[    16.658] (II) modeset(0): Output HDMI-1 has no monitor section
[    16.660] (WW) EDID timing clock 353.80 exceeds claimed max 345MHz, fixing
[    16.660] (II) modeset(0): EDID for output eDP-1
[    16.660] (II) modeset(0): Manufacturer: AUO  Model: af90  Serial#: 0
[    16.660] (II) modeset(0): Year: 2020  Week: 8
[    16.660] (II) modeset(0): EDID Version: 1.4
[    16.660] (II) modeset(0): Digital Display Input
[    16.660] (II) modeset(0): 8 bits per channel
[    16.660] (II) modeset(0): Digital interface is DisplayPort
[    16.660] (II) modeset(0): Max Image Size [cm]: horiz.: 34  vert.: 19
[    16.660] (II) modeset(0): Gamma: 2.20
[    16.660] (II) modeset(0): No DPMS capabilities specified
[    16.660] (II) modeset(0): Supported color encodings: RGB 4:4:4 
[    16.660] (II) modeset(0): First detailed timing is preferred mode
[    16.660] (II) modeset(0): Preferred mode is native pixel format and refresh rate
[    16.660] (II) modeset(0): Display is continuous-frequency
[    16.660] (II) modeset(0): redX: 0.566 redY: 0.339   greenX: 0.351 greenY: 0.568
[    16.660] (II) modeset(0): blueX: 0.158 blueY: 0.121   whiteX: 0.313 whiteY: 0.329
[    16.660] (II) modeset(0): Manufacturer's mask: 0
[    16.660] (II) modeset(0): Supported detailed timing:
[    16.660] (II) modeset(0): clock: 353.8 MHz   Image Size:  344 x 193 mm
[    16.660] (II) modeset(0): h_active: 1920  h_sync: 2028  h_sync_end 2076 h_blank_end 2080 h_border: 0
[    16.660] (II) modeset(0): v_active: 1080  v_sync: 1083  v_sync_end 1088 v_blanking: 1180 v_border: 0
[    16.660] (II) modeset(0): Supported detailed timing:
[    16.660] (II) modeset(0): clock: 143.0 MHz   Image Size:  344 x 193 mm
[    16.660] (II) modeset(0): h_active: 1920  h_sync: 2028  h_sync_end 2076 h_blank_end 2080 h_border: 0
[    16.660] (II) modeset(0): v_active: 1080  v_sync: 1083  v_sync_end 1088 v_blanking: 1142 v_border: 0
[    16.660] (II) modeset(0): Ranges: V min: 60 V max: 144 Hz, H min: 165 H max: 165 kHz, PixClock max 354 MHz
[    16.660] (II) modeset(0):  B156HAN08.4
[    16.660] (II) modeset(0): EDID (in hex):
[    16.660] (II) modeset(0): 	00ffffffffffff0006af90af00000000
[    16.660] (II) modeset(0): 	081e0104a5221378033e859156599128
[    16.660] (II) modeset(0): 	1f505400000001010101010101010101
[    16.660] (II) modeset(0): 	010101010101348a80a0703864406c30
[    16.660] (II) modeset(0): 	350058c110000018dc3780a070383e40
[    16.660] (II) modeset(0): 	6c30350058c110000018000000fd003c
[    16.660] (II) modeset(0): 	90a5a522010a202020202020000000fe
[    16.660] (II) modeset(0): 	004231353648414e30382e34200a00b5
[    16.660] (II) modeset(0): Printing probed modes for output eDP-1
[    16.660] (II) modeset(0): Modeline "1920x1080"x144.1  353.80  1920 2028 2076 2080  1080 1083 1088 1180 -hsync -vsync (170.1 kHz eP)
[    16.660] (II) modeset(0): Modeline "1920x1080"x60.0  356.38  1920 2080 2288 2656  1080 1081 1084 1118 doublescan -hsync +vsync (134.2 kHz d)
[    16.660] (II) modeset(0): Modeline "1920x1080"x60.0  266.50  1920 1944 1960 2000  1080 1081 1084 1111 doublescan +hsync -vsync (133.2 kHz d)
[    16.660] (II) modeset(0): Modeline "1920x1080"x60.0  173.00  1920 2048 2248 2576  1080 1083 1088 1120 -hsync +vsync (67.2 kHz d)
[    16.660] (II) modeset(0): Modeline "1920x1080"x60.2  143.00  1920 2028 2076 2080  1080 1083 1088 1142 -hsync -vsync (68.8 kHz e)
[    16.660] (II) modeset(0): Modeline "1920x1080"x59.9  138.50  1920 1968 2000 2080  1080 1083 1088 1111 +hsync -vsync (66.6 kHz d)
[    16.660] (II) modeset(0): Modeline "1680x1050"x60.0  146.25  1680 1784 1960 2240  1050 1053 1059 1089 -hsync +vsync (65.3 kHz d)
[    16.660] (II) modeset(0): Modeline "1680x1050"x59.9  119.00  1680 1728 1760 1840  1050 1053 1059 1080 +hsync -vsync (64.7 kHz d)
[    16.660] (II) modeset(0): Modeline "1400x1050"x74.8  155.80  1400 1464 1784 1912  1050 1052 1064 1090 +hsync +vsync (81.5 kHz d)
[    16.660] (II) modeset(0): Modeline "1400x1050"x60.0  122.00  1400 1488 1640 1880  1050 1052 1064 1082 +hsync +vsync (64.9 kHz d)
[    16.660] (II) modeset(0): Modeline "1600x900"x60.0  246.00  1600 1728 1900 2200  900 901 904 932 doublescan -hsync +vsync (111.8 kHz d)
[    16.660] (II) modeset(0): Modeline "1600x900"x59.9  186.50  1600 1624 1640 1680  900 901 904 926 doublescan +hsync -vsync (111.0 kHz d)
[    16.660] (II) modeset(0): Modeline "1600x900"x59.9  118.25  1600 1696 1856 2112  900 903 908 934 -hsync +vsync (56.0 kHz d)
[    16.660] (II) modeset(0): Modeline "1600x900"x59.8   97.50  1600 1648 1680 1760  900 903 908 926 +hsync -vsync (55.4 kHz d)
[    16.660] (II) modeset(0): Modeline "1280x1024"x85.0  157.50  1280 1344 1504 1728  1024 1025 1028 1072 +hsync +vsync (91.1 kHz d)
[    16.660] (II) modeset(0): Modeline "1280x1024"x75.0  135.00  1280 1296 1440 1688  1024 1025 1028 1066 +hsync +vsync (80.0 kHz d)
[    16.660] (II) modeset(0): Modeline "1280x1024"x60.0  108.00  1280 1328 1440 1688  1024 1025 1028 1066 +hsync +vsync (64.0 kHz d)
[    16.660] (II) modeset(0): Modeline "1400x900"x60.0  103.50  1400 1480 1624 1848  900 903 913 934 -hsync +vsync (56.0 kHz d)
[    16.660] (II) modeset(0): Modeline "1400x900"x59.9   86.50  1400 1448 1480 1560  900 903 913 926 +hsync -vsync (55.4 kHz d)
[    16.660] (II) modeset(0): Modeline "1280x960"x85.0  148.50  1280 1344 1504 1728  960 961 964 1011 +hsync +vsync (85.9 kHz d)
[    16.660] (II) modeset(0): Modeline "1280x960"x60.0  108.00  1280 1376 1488 1800  960 961 964 1000 +hsync +vsync (60.0 kHz d)
[    16.660] (II) modeset(0): Modeline "1440x810"x60.0  198.12  1440 1548 1704 1968  810 811 814 839 doublescan -hsync +vsync (100.7 kHz d)
[    16.660] (II) modeset(0): Modeline "1440x810"x60.0  151.88  1440 1464 1480 1520  810 811 814 833 doublescan +hsync -vsync (99.9 kHz d)
[    16.660] (II) modeset(0): Modeline "1368x768"x59.9   85.25  1368 1440 1576 1784  768 771 781 798 -hsync +vsync (47.8 kHz d)
[    16.660] (II) modeset(0): Modeline "1368x768"x59.9   72.25  1368 1416 1448 1528  768 771 781 790 +hsync -vsync (47.3 kHz d)
[    16.660] (II) modeset(0): Modeline "1280x800"x60.0  174.25  1280 1380 1516 1752  800 801 804 829 doublescan -hsync +vsync (99.5 kHz d)
[    16.660] (II) modeset(0): Modeline "1280x800"x60.0  134.25  1280 1304 1320 1360  800 801 804 823 doublescan +hsync -vsync (98.7 kHz d)
[    16.660] (II) modeset(0): Modeline "1280x800"x59.8   83.50  1280 1352 1480 1680  800 803 809 831 -hsync +vsync (49.7 kHz d)
[    16.660] (II) modeset(0): Modeline "1280x800"x59.9   71.00  1280 1328 1360 1440  800 803 809 823 +hsync -vsync (49.3 kHz d)
[    16.660] (II) modeset(0): Modeline "1152x864"x75.0  108.00  1152 1216 1344 1600  864 865 868 900 +hsync +vsync (67.5 kHz d)
[    16.660] (II) modeset(0): Modeline "1280x720"x60.0  156.12  1280 1376 1512 1744  720 721 724 746 doublescan -hsync +vsync (89.5 kHz d)
[    16.660] (II) modeset(0): Modeline "1280x720"x60.0  120.75  1280 1304 1320 1360  720 721 724 740 doublescan +hsync -vsync (88.8 kHz d)
[    16.660] (II) modeset(0): Modeline "1280x720"x59.9   74.50  1280 1344 1472 1664  720 723 728 748 -hsync +vsync (44.8 kHz d)
[    16.660] (II) modeset(0): Modeline "1280x720"x59.7   63.75  1280 1328 1360 1440  720 723 728 741 +hsync -vsync (44.3 kHz d)
[    16.660] (II) modeset(0): Modeline "1024x768"x85.0  194.02  1024 1108 1220 1416  768 768 770 806 doublescan -hsync +vsync (137.0 kHz d)
[    16.660] (II) modeset(0): Modeline "1024x768"x75.0  170.24  1024 1108 1220 1416  768 768 770 801 doublescan -hsync +vsync (120.2 kHz d)
[    16.660] (II) modeset(0): Modeline "1024x768"x60.0  133.47  1024 1100 1212 1400  768 768 770 794 doublescan -hsync +vsync (95.3 kHz d)
[    16.660] (II) modeset(0): Modeline "1024x768"x85.0   94.50  1024 1072 1168 1376  768 769 772 808 +hsync +vsync (68.7 kHz d)
[    16.660] (II) modeset(0): Modeline "1024x768"x75.0   78.75  1024 1040 1136 1312  768 769 772 800 +hsync +vsync (60.0 kHz d)
[    16.660] (II) modeset(0): Modeline "1024x768"x70.1   75.00  1024 1048 1184 1328  768 771 777 806 -hsync -vsync (56.5 kHz d)
[    16.660] (II) modeset(0): Modeline "1024x768"x60.0   65.00  1024 1048 1184 1344  768 771 777 806 -hsync -vsync (48.4 kHz d)
[    16.660] (II) modeset(0): Modeline "1024x768i"x87.0   44.90  1024 1032 1208 1264  768 768 776 817 interlace +hsync +vsync (35.5 kHz d)
[    16.660] (II) modeset(0): Modeline "960x720"x85.0  170.68  960 1036 1144 1328  720 720 722 756 doublescan -hsync +vsync (128.5 kHz d)
[    16.660] (II) modeset(0): Modeline "960x720"x75.0  148.50  960 1032 1144 1320  720 720 722 750 doublescan -hsync +vsync (112.5 kHz d)
[    16.660] (II) modeset(0): Modeline "960x720"x60.0  117.00  960 1024 1128 1300  720 720 722 750 doublescan -hsync +vsync (90.0 kHz d)
[    16.660] (II) modeset(0): Modeline "928x696"x75.0  144.00  928 992 1104 1280  696 696 698 750 doublescan -hsync +vsync (112.5 kHz d)
[    16.660] (II) modeset(0): Modeline "928x696"x60.1  109.15  928 976 1088 1264  696 696 698 719 doublescan -hsync +vsync (86.4 kHz d)
[    16.660] (II) modeset(0): Modeline "896x672"x75.0  130.50  896 944 1052 1228  672 672 674 708 doublescan -hsync +vsync (106.3 kHz d)
[    16.660] (II) modeset(0): Modeline "896x672"x60.0  102.40  896 960 1060 1224  672 672 674 697 doublescan -hsync +vsync (83.7 kHz d)
[    16.660] (II) modeset(0): Modeline "1024x576"x60.0   98.50  1024 1092 1200 1376  576 577 580 597 doublescan -hsync +vsync (71.6 kHz d)
[    16.660] (II) modeset(0): Modeline "1024x576"x60.0   78.38  1024 1048 1064 1104  576 577 580 592 doublescan +hsync -vsync (71.0 kHz d)
[    16.660] (II) modeset(0): Modeline "1024x576"x59.9   46.50  1024 1064 1160 1296  576 579 584 599 -hsync +vsync (35.9 kHz d)
[    16.660] (II) modeset(0): Modeline "1024x576"x59.8   42.00  1024 1072 1104 1184  576 579 584 593 +hsync -vsync (35.5 kHz d)
[    16.660] (II) modeset(0): Modeline "960x600"x59.9   96.62  960 1028 1128 1296  600 601 604 622 doublescan -hsync +vsync (74.6 kHz d)
[    16.660] (II) modeset(0): Modeline "960x600"x60.0   77.00  960 984 1000 1040  600 601 604 617 doublescan +hsync -vsync (74.0 kHz d)
[    16.660] (II) modeset(0): Modeline "832x624"x74.6   57.28  832 864 928 1152  624 625 628 667 -hsync -vsync (49.7 kHz d)
[    16.660] (II) modeset(0): Modeline "960x540"x60.0   86.50  960 1024 1124 1288  540 541 544 560 doublescan -hsync +vsync (67.2 kHz d)
[    16.660] (II) modeset(0): Modeline "960x540"x60.0   69.25  960 984 1000 1040  540 541 544 555 doublescan +hsync -vsync (66.6 kHz d)
[    16.660] (II) modeset(0): Modeline "960x540"x59.6   40.75  960 992 1088 1216  540 543 548 562 -hsync +vsync (33.5 kHz d)
[    16.660] (II) modeset(0): Modeline "960x540"x59.8   37.25  960 1008 1040 1120  540 543 548 556 +hsync -vsync (33.3 kHz d)
[    16.660] (II) modeset(0): Modeline "800x600"x85.0  114.75  800 832 928 1080  600 600 602 625 doublescan +hsync +vsync (106.2 kHz d)
[    16.660] (II) modeset(0): Modeline "800x600"x75.0  101.25  800 832 928 1080  600 600 602 625 doublescan +hsync +vsync (93.8 kHz d)
[    16.660] (II) modeset(0): Modeline "800x600"x70.0   94.50  800 832 928 1080  600 600 602 625 doublescan +hsync +vsync (87.5 kHz d)
[    16.660] (II) modeset(0): Modeline "800x600"x65.0   87.75  800 832 928 1080  600 600 602 625 doublescan +hsync +vsync (81.2 kHz d)
[    16.660] (II) modeset(0): Modeline "800x600"x60.0   81.00  800 832 928 1080  600 600 602 625 doublescan +hsync +vsync (75.0 kHz d)
[    16.660] (II) modeset(0): Modeline "800x600"x85.1   56.30  800 832 896 1048  600 601 604 631 +hsync +vsync (53.7 kHz d)
[    16.660] (II) modeset(0): Modeline "800x600"x72.2   50.00  800 856 976 1040  600 637 643 666 +hsync +vsync (48.1 kHz d)
[    16.660] (II) modeset(0): Modeline "800x600"x75.0   49.50  800 816 896 1056  600 601 604 625 +hsync +vsync (46.9 kHz d)
[    16.660] (II) modeset(0): Modeline "800x600"x60.3   40.00  800 840 968 1056  600 601 605 628 +hsync +vsync (37.9 kHz d)
[    16.660] (II) modeset(0): Modeline "800x600"x56.2   36.00  800 824 896 1024  600 601 603 625 +hsync +vsync (35.2 kHz d)
[    16.660] (II) modeset(0): Modeline "840x525"x60.0   73.12  840 892 980 1120  525 526 529 544 doublescan -hsync +vsync (65.3 kHz d)
[    16.660] (II) modeset(0): Modeline "840x525"x59.9   59.50  840 864 880 920  525 526 529 540 doublescan +hsync -vsync (64.7 kHz d)
[    16.660] (II) modeset(0): Modeline "864x486"x59.9   32.50  864 888 968 1072  486 489 494 506 -hsync +vsync (30.3 kHz d)
[    16.660] (II) modeset(0): Modeline "864x486"x59.6   30.50  864 912 944 1024  486 489 494 500 +hsync -vsync (29.8 kHz d)
[    16.660] (II) modeset(0): Modeline "700x525"x74.8   77.90  700 732 892 956  525 526 532 545 doublescan +hsync +vsync (81.5 kHz d)
[    16.660] (II) modeset(0): Modeline "700x525"x60.0   61.00  700 744 820 940  525 526 532 541 doublescan +hsync +vsync (64.9 kHz d)
[    16.660] (II) modeset(0): Modeline "800x450"x59.9   59.12  800 848 928 1056  450 451 454 467 doublescan -hsync +vsync (56.0 kHz d)
[    16.660] (II) modeset(0): Modeline "800x450"x59.8   48.75  800 824 840 880  450 451 454 463 doublescan +hsync -vsync (55.4 kHz d)
[    16.660] (II) modeset(0): Modeline "640x512"x85.0   78.75  640 672 752 864  512 512 514 536 doublescan +hsync +vsync (91.1 kHz d)
[    16.660] (II) modeset(0): Modeline "640x512"x75.0   67.50  640 648 720 844  512 512 514 533 doublescan +hsync +vsync (80.0 kHz d)
[    16.660] (II) modeset(0): Modeline "640x512"x60.0   54.00  640 664 720 844  512 512 514 533 doublescan +hsync +vsync (64.0 kHz d)
[    16.660] (II) modeset(0): Modeline "700x450"x60.0   51.75  700 740 812 924  450 451 456 467 doublescan -hsync +vsync (56.0 kHz d)
[    16.660] (II) modeset(0): Modeline "700x450"x59.9   43.25  700 724 740 780  450 451 456 463 doublescan +hsync -vsync (55.4 kHz d)
[    16.660] (II) modeset(0): Modeline "640x480"x85.1   74.25  640 672 752 864  480 480 482 505 doublescan +hsync +vsync (85.9 kHz d)
[    16.660] (II) modeset(0): Modeline "640x480"x60.0   54.00  640 688 744 900  480 480 482 500 doublescan +hsync +vsync (60.0 kHz d)
[    16.660] (II) modeset(0): Modeline "640x480"x85.0   36.00  640 696 752 832  480 481 484 509 -hsync -vsync (43.3 kHz d)
[    16.660] (II) modeset(0): Modeline "640x480"x72.8   31.50  640 664 704 832  480 489 492 520 -hsync -vsync (37.9 kHz d)
[    16.660] (II) modeset(0): Modeline "640x480"x75.0   31.50  640 656 720 840  480 481 484 500 -hsync -vsync (37.5 kHz d)
[    16.660] (II) modeset(0): Modeline "640x480"x59.9   25.18  640 656 752 800  480 490 492 525 -hsync -vsync (31.5 kHz d)
[    16.660] (II) modeset(0): Modeline "720x405"x59.5   22.50  720 744 808 896  405 408 413 422 -hsync +vsync (25.1 kHz d)
[    16.660] (II) modeset(0): Modeline "720x405"x59.0   21.75  720 768 800 880  405 408 413 419 +hsync -vsync (24.7 kHz d)
[    16.660] (II) modeset(0): Modeline "720x400"x85.0   35.50  720 756 828 936  400 401 404 446 -hsync +vsync (37.9 kHz d)
[    16.660] (II) modeset(0): Modeline "684x384"x59.9   42.62  684 720 788 892  384 385 390 399 doublescan -hsync +vsync (47.8 kHz d)
[    16.660] (II) modeset(0): Modeline "684x384"x59.9   36.12  684 708 724 764  384 385 390 395 doublescan +hsync -vsync (47.3 kHz d)
[    16.660] (II) modeset(0): Modeline "640x400"x59.9   41.75  640 676 740 840  400 401 404 415 doublescan -hsync +vsync (49.7 kHz d)
[    16.660] (II) modeset(0): Modeline "640x400"x60.0   35.50  640 664 680 720  400 401 404 411 doublescan +hsync -vsync (49.3 kHz d)
[    16.660] (II) modeset(0): Modeline "640x400"x85.1   31.50  640 672 736 832  400 401 404 445 -hsync +vsync (37.9 kHz d)
[    16.660] (II) modeset(0): Modeline "576x432"x75.0   54.00  576 608 672 800  432 432 434 450 doublescan +hsync +vsync (67.5 kHz d)
[    16.660] (II) modeset(0): Modeline "640x360"x59.9   37.25  640 672 736 832  360 361 364 374 doublescan -hsync +vsync (44.8 kHz d)
[    16.660] (II) modeset(0): Modeline "640x360"x59.8   31.88  640 664 680 720  360 361 364 370 doublescan +hsync -vsync (44.3 kHz d)
[    16.660] (II) modeset(0): Modeline "640x360"x59.8   18.00  640 664 720 800  360 363 368 376 -hsync +vsync (22.5 kHz d)
[    16.660] (II) modeset(0): Modeline "640x360"x59.3   17.75  640 688 720 800  360 363 368 374 +hsync -vsync (22.2 kHz d)
[    16.660] (II) modeset(0): Modeline "640x350"x85.1   31.50  640 672 736 832  350 382 385 445 +hsync -vsync (37.9 kHz d)
[    16.660] (II) modeset(0): Modeline "512x384"x85.0   47.25  512 536 584 688  384 384 386 404 doublescan +hsync +vsync (68.7 kHz d)
[    16.660] (II) modeset(0): Modeline "512x384"x75.0   39.38  512 520 568 656  384 384 386 400 doublescan +hsync +vsync (60.0 kHz d)
[    16.660] (II) modeset(0): Modeline "512x384"x70.1   37.50  512 524 592 664  384 385 388 403 doublescan -hsync -vsync (56.5 kHz d)
[    16.660] (II) modeset(0): Modeline "512x384"x60.0   32.50  512 524 592 672  384 385 388 403 doublescan -hsync -vsync (48.4 kHz d)
[    16.660] (II) modeset(0): Modeline "512x384i"x87.1   22.45  512 516 604 632  384 384 388 408 interlace doublescan +hsync +vsync (35.5 kHz d)
[    16.660] (II) modeset(0): Modeline "512x288"x60.0   23.25  512 532 580 648  288 289 292 299 doublescan -hsync +vsync (35.9 kHz d)
[    16.660] (II) modeset(0): Modeline "512x288"x59.9   21.00  512 536 552 592  288 289 292 296 doublescan +hsync -vsync (35.5 kHz d)
[    16.660] (II) modeset(0): Modeline "416x312"x74.7   28.64  416 432 464 576  312 312 314 333 doublescan -hsync -vsync (49.7 kHz d)
[    16.660] (II) modeset(0): Modeline "480x270"x59.6   20.38  480 496 544 608  270 271 274 281 doublescan -hsync +vsync (33.5 kHz d)
[    16.660] (II) modeset(0): Modeline "480x270"x59.8   18.62  480 504 520 560  270 271 274 278 doublescan +hsync -vsync (33.3 kHz d)
[    16.660] (II) modeset(0): Modeline "400x300"x85.3   28.15  400 416 448 524  300 300 302 315 doublescan +hsync +vsync (53.7 kHz d)
[    16.660] (II) modeset(0): Modeline "400x300"x72.2   25.00  400 428 488 520  300 318 321 333 doublescan +hsync +vsync (48.1 kHz d)
[    16.660] (II) modeset(0): Modeline "400x300"x75.1   24.75  400 408 448 528  300 300 302 312 doublescan +hsync +vsync (46.9 kHz d)
[    16.660] (II) modeset(0): Modeline "400x300"x60.3   20.00  400 420 484 528  300 300 302 314 doublescan +hsync +vsync (37.9 kHz d)
[    16.660] (II) modeset(0): Modeline "400x300"x56.3   18.00  400 412 448 512  300 300 301 312 doublescan +hsync +vsync (35.2 kHz d)
[    16.660] (II) modeset(0): Modeline "432x243"x59.9   16.25  432 444 484 536  243 244 247 253 doublescan -hsync +vsync (30.3 kHz d)
[    16.660] (II) modeset(0): Modeline "432x243"x59.6   15.25  432 456 472 512  243 244 247 250 doublescan +hsync -vsync (29.8 kHz d)
[    16.660] (II) modeset(0): Modeline "320x240"x85.2   18.00  320 348 376 416  240 240 242 254 doublescan -hsync -vsync (43.3 kHz d)
[    16.660] (II) modeset(0): Modeline "320x240"x72.8   15.75  320 332 352 416  240 244 246 260 doublescan -hsync -vsync (37.9 kHz d)
[    16.660] (II) modeset(0): Modeline "320x240"x75.0   15.75  320 328 360 420  240 240 242 250 doublescan -hsync -vsync (37.5 kHz d)
[    16.660] (II) modeset(0): Modeline "320x240"x60.1   12.59  320 328 376 400  240 245 246 262 doublescan -hsync -vsync (31.5 kHz d)
[    16.660] (II) modeset(0): Modeline "360x202"x59.5   11.25  360 372 404 448  202 204 206 211 doublescan -hsync +vsync (25.1 kHz d)
[    16.660] (II) modeset(0): Modeline "360x202"x59.1   10.88  360 384 400 440  202 204 206 209 doublescan +hsync -vsync (24.7 kHz d)
[    16.660] (II) modeset(0): Modeline "360x200"x85.0   17.75  360 378 414 468  200 200 202 223 doublescan -hsync +vsync (37.9 kHz d)
[    16.660] (II) modeset(0): Modeline "320x200"x85.3   15.75  320 336 368 416  200 200 202 222 doublescan -hsync +vsync (37.9 kHz d)
[    16.660] (II) modeset(0): Modeline "320x180"x59.8    9.00  320 332 360 400  180 181 184 188 doublescan -hsync +vsync (22.5 kHz d)
[    16.660] (II) modeset(0): Modeline "320x180"x59.3    8.88  320 344 360 400  180 181 184 187 doublescan +hsync -vsync (22.2 kHz d)
[    16.660] (II) modeset(0): Modeline "320x175"x85.3   15.75  320 336 368 416  175 191 192 222 doublescan +hsync -vsync (37.9 kHz d)
[    16.691] (II) modeset(0): EDID for output HDMI-1
[    16.691] (II) modeset(0): Output eDP-1 connected
[    16.691] (II) modeset(0): Output HDMI-1 disconnected
[    16.691] (II) modeset(0): Using exact sizes for initial modes
[    16.691] (II) modeset(0): Output eDP-1 using initial mode 1920x1080 +0+0
[    16.691] (==) modeset(0): Using gamma correction (1.0, 1.0, 1.0)
[    16.691] (==) modeset(0): DPI set to (96, 96)
[    16.691] (II) Loading sub module "fb"
[    16.691] (II) LoadModule: "fb"
[    16.691] (II) Module "fb" already built-in
[    16.691] (==) modeset(G0): Depth 24, (==) framebuffer bpp 32
[    16.691] (==) modeset(G0): RGB weight 888
[    16.691] (==) modeset(G0): Default visual is TrueColor
[    16.691] (II) Loading sub module "glamoregl"
[    16.691] (II) LoadModule: "glamoregl"
[    16.691] (II) Loading /usr/lib/xorg/modules/libglamoregl.so
[    16.691] (II) Module glamoregl: vendor="X.Org Foundation"
[    16.691] 	compiled for 1.21.1.13, module version = 1.0.1
[    16.691] 	ABI class: X.Org ANSI C Emulation, version 0.4
[    16.741] (II) modeset(G0): glamor X acceleration enabled on NV168
[    16.741] (II) modeset(G0): glamor initialized
[    16.743] (II) modeset(G0): Output HDMI-1-2 has no monitor section
[    16.743] (II) modeset(G0): EDID for output HDMI-1-2
[    16.743] (==) modeset(G0): Using gamma correction (1.0, 1.0, 1.0)
[    16.743] (==) modeset(G0): DPI set to (96, 96)
[    16.743] (II) Loading sub module "fb"
[    16.743] (II) LoadModule: "fb"
[    16.743] (II) Module "fb" already built-in
[    16.757] (==) modeset(0): Backing store enabled
[    16.757] (==) modeset(0): Silken mouse enabled
[    16.788] (II) modeset(0): Initializing kms color map for depth 24, 8 bpc.
[    16.788] (==) modeset(0): DPMS enabled
[    16.788] (II) modeset(0): [DRI2] Setup complete
[    16.788] (II) modeset(0): [DRI2]   DRI driver: iris
[    16.788] (II) modeset(0): [DRI2]   VDPAU driver: va_gl
[    16.794] (==) modeset(G0): Backing store enabled
[    16.794] (==) modeset(G0): Silken mouse enabled
[    16.794] (II) modeset(G0): Initializing kms color map for depth 24, 8 bpc.
[    16.794] (==) modeset(G0): DPMS enabled
[    16.794] (II) modeset(G0): [DRI2] Setup complete
[    16.794] (II) modeset(G0): [DRI2]   DRI driver: nouveau
[    16.794] (II) modeset(G0): [DRI2]   VDPAU driver: nouveau
[    16.794] (II) Initializing extension Generic Event Extension
[    16.794] (II) Initializing extension SHAPE
[    16.795] (II) Initializing extension MIT-SHM
[    16.795] (II) Initializing extension XInputExtension
[    16.795] (II) Initializing extension XTEST
[    16.795] (II) Initializing extension BIG-REQUESTS
[    16.795] (II) Initializing extension SYNC
[    16.795] (II) Initializing extension XKEYBOARD
[    16.795] (II) Initializing extension XC-MISC
[    16.795] (II) Initializing extension SECURITY
[    16.795] (II) Initializing extension XFIXES
[    16.795] (II) Initializing extension RENDER
[    16.796] (II) Initializing extension RANDR
[    16.796] (II) Initializing extension COMPOSITE
[    16.796] (II) Initializing extension DAMAGE
[    16.796] (II) Initializing extension MIT-SCREEN-SAVER
[    16.796] (II) Initializing extension DOUBLE-BUFFER
[    16.796] (II) Initializing extension RECORD
[    16.796] (II) Initializing extension DPMS
[    16.796] (II) Initializing extension Present
[    16.796] (II) Initializing extension DRI3
[    16.797] (II) Initializing extension X-Resource
[    16.797] (II) Initializing extension XVideo
[    16.797] (II) Initializing extension XVideo-MotionCompensation
[    16.797] (II) Initializing extension GLX
[    16.803] (II) AIGLX: Loaded and initialized iris
[    16.803] (II) GLX: Initialized DRI2 GL provider for screen 0
[    16.803] (II) Initializing extension XFree86-VidModeExtension
[    16.803] (II) Initializing extension XFree86-DGA
[    16.803] (II) Initializing extension XFree86-DRI
[    16.803] (II) Initializing extension DRI2
[    16.803] (II) modeset(G0): Damage tracking initialized
[    16.803] (II) modeset(0): Damage tracking initialized
[    16.803] (II) modeset(0): Setting screen physical size to 508 x 285
[    16.856] (II) config/udev: Adding input device Acer Wireless Radio Control (/dev/input/event7)
[    16.856] (**) Acer Wireless Radio Control: Applying InputClass "libinput keyboard catchall"
[    16.856] (**) Acer Wireless Radio Control: Applying InputClass "touchpad"
[    16.856] (II) LoadModule: "libinput"
[    16.856] (II) Loading /usr/lib/xorg/modules/input/libinput_drv.so
[    16.859] (II) Module libinput: vendor="X.Org Foundation"
[    16.859] 	compiled for 1.21.1.8, module version = 1.4.0
[    16.859] 	Module class: X.Org XInput Driver
[    16.859] 	ABI class: X.Org XInput driver, version 24.4
[    16.859] (II) Using input driver 'libinput' for 'Acer Wireless Radio Control'
[    16.859] (II) systemd-logind: got fd for /dev/input/event7 13:71 fd 32 paused 0
[    16.859] (**) Acer Wireless Radio Control: always reports core events
[    16.859] (**) Option "Device" "/dev/input/event7"
[    16.865] (II) event7  - Acer Wireless Radio Control: is tagged by udev as: Keyboard
[    16.865] (II) event7  - Acer Wireless Radio Control: device is a keyboard
[    16.865] (II) event7  - Acer Wireless Radio Control: device removed
[    16.865] (**) Option "config_info" "udev:/sys/devices/LNXSYSTM:00/10251229:00/input/input7/event7"
[    16.865] (II) XINPUT: Adding extended input device "Acer Wireless Radio Control" (type: KEYBOARD, id 6)
[    16.866] (II) event7  - Acer Wireless Radio Control: is tagged by udev as: Keyboard
[    16.866] (II) event7  - Acer Wireless Radio Control: device is a keyboard
[    16.866] (II) config/udev: Adding input device Power Button (/dev/input/event3)
[    16.866] (**) Power Button: Applying InputClass "libinput keyboard catchall"
[    16.866] (**) Power Button: Applying InputClass "touchpad"
[    16.866] (II) Using input driver 'libinput' for 'Power Button'
[    16.867] (II) systemd-logind: got fd for /dev/input/event3 13:67 fd 35 paused 0
[    16.867] (**) Power Button: always reports core events
[    16.867] (**) Option "Device" "/dev/input/event3"
[    16.867] (II) event3  - Power Button: is tagged by udev as: Keyboard
[    16.867] (II) event3  - Power Button: device is a keyboard
[    16.867] (II) event3  - Power Button: device removed
[    16.867] (**) Option "config_info" "udev:/sys/devices/LNXSYSTM:00/LNXPWRBN:00/input/input3/event3"
[    16.867] (II) XINPUT: Adding extended input device "Power Button" (type: KEYBOARD, id 7)
[    16.868] (II) event3  - Power Button: is tagged by udev as: Keyboard
[    16.868] (II) event3  - Power Button: device is a keyboard
[    16.868] (II) config/udev: Adding input device Video Bus (/dev/input/event6)
[    16.868] (**) Video Bus: Applying InputClass "libinput keyboard catchall"
[    16.868] (**) Video Bus: Applying InputClass "touchpad"
[    16.868] (II) Using input driver 'libinput' for 'Video Bus'
[    16.869] (II) systemd-logind: got fd for /dev/input/event6 13:70 fd 36 paused 0
[    16.869] (**) Video Bus: always reports core events
[    16.869] (**) Option "Device" "/dev/input/event6"
[    16.870] (II) event6  - Video Bus: is tagged by udev as: Keyboard
[    16.870] (II) event6  - Video Bus: device is a keyboard
[    16.870] (II) event6  - Video Bus: device removed
[    16.870] (**) Option "config_info" "udev:/sys/devices/LNXSYSTM:00/LNXSYBUS:00/PNP0A08:00/LNXVIDEO:01/input/input6/event6"
[    16.870] (II) XINPUT: Adding extended input device "Video Bus" (type: KEYBOARD, id 8)
[    16.870] (II) event6  - Video Bus: is tagged by udev as: Keyboard
[    16.870] (II) event6  - Video Bus: device is a keyboard
[    16.871] (II) config/udev: Adding input device Video Bus (/dev/input/event5)
[    16.871] (**) Video Bus: Applying InputClass "libinput keyboard catchall"
[    16.871] (**) Video Bus: Applying InputClass "touchpad"
[    16.871] (II) Using input driver 'libinput' for 'Video Bus'
[    16.871] (II) systemd-logind: got fd for /dev/input/event5 13:69 fd 37 paused 0
[    16.871] (**) Video Bus: always reports core events
[    16.871] (**) Option "Device" "/dev/input/event5"
[    16.872] (II) event5  - Video Bus: is tagged by udev as: Keyboard
[    16.872] (II) event5  - Video Bus: device is a keyboard
[    16.872] (II) event5  - Video Bus: device removed
[    16.872] (**) Option "config_info" "udev:/sys/devices/LNXSYSTM:00/LNXSYBUS:00/PNP0A08:00/device:00/LNXVIDEO:00/input/input5/event5"
[    16.872] (II) XINPUT: Adding extended input device "Video Bus" (type: KEYBOARD, id 9)
[    16.873] (II) event5  - Video Bus: is tagged by udev as: Keyboard
[    16.873] (II) event5  - Video Bus: device is a keyboard
[    16.873] (II) config/udev: Adding input device Lid Switch (/dev/input/event0)
[    16.873] (**) Lid Switch: Applying InputClass "touchpad"
[    16.873] (II) Using input driver 'libinput' for 'Lid Switch'
[    16.874] (II) systemd-logind: got fd for /dev/input/event0 13:64 fd 38 paused 0
[    16.874] (**) Lid Switch: always reports core events
[    16.874] (**) Option "Device" "/dev/input/event0"
[    16.874] (II) event0  - Lid Switch: is tagged by udev as: Switch
[    16.875] (II) event0  - Lid Switch: device is a switch device
[    16.875] (II) event0  - Lid Switch: device removed
[    16.875] (**) Option "config_info" "udev:/sys/devices/LNXSYSTM:00/LNXSYBUS:00/PNP0A08:00/device:20/PNP0C0D:00/input/input0/event0"
[    16.875] (II) XINPUT: Adding extended input device "Lid Switch" (type: KEYBOARD, id 10)
[    16.875] (II) event0  - Lid Switch: is tagged by udev as: Switch
[    16.875] (II) event0  - Lid Switch: device is a switch device
[    16.876] (II) config/udev: Adding input device Power Button (/dev/input/event2)
[    16.876] (**) Power Button: Applying InputClass "libinput keyboard catchall"
[    16.876] (**) Power Button: Applying InputClass "touchpad"
[    16.876] (II) Using input driver 'libinput' for 'Power Button'
[    16.876] (II) systemd-logind: got fd for /dev/input/event2 13:66 fd 39 paused 0
[    16.876] (**) Power Button: always reports core events
[    16.876] (**) Option "Device" "/dev/input/event2"
[    16.877] (II) event2  - Power Button: is tagged by udev as: Keyboard
[    16.877] (II) event2  - Power Button: device is a keyboard
[    16.877] (II) event2  - Power Button: device removed
[    16.877] (**) Option "config_info" "udev:/sys/devices/LNXSYSTM:00/LNXSYBUS:00/PNP0C0C:00/input/input2/event2"
[    16.877] (II) XINPUT: Adding extended input device "Power Button" (type: KEYBOARD, id 11)
[    16.877] (II) event2  - Power Button: is tagged by udev as: Keyboard
[    16.877] (II) event2  - Power Button: device is a keyboard
[    16.878] (II) config/udev: Adding input device Sleep Button (/dev/input/event1)
[    16.878] (**) Sleep Button: Applying InputClass "libinput keyboard catchall"
[    16.878] (**) Sleep Button: Applying InputClass "touchpad"
[    16.878] (II) Using input driver 'libinput' for 'Sleep Button'
[    16.878] (II) systemd-logind: got fd for /dev/input/event1 13:65 fd 40 paused 0
[    16.878] (**) Sleep Button: always reports core events
[    16.878] (**) Option "Device" "/dev/input/event1"
[    16.879] (II) event1  - Sleep Button: is tagged by udev as: Keyboard
[    16.879] (II) event1  - Sleep Button: device is a keyboard
[    16.879] (II) event1  - Sleep Button: device removed
[    16.879] (**) Option "config_info" "udev:/sys/devices/LNXSYSTM:00/LNXSYBUS:00/PNP0C0E:00/input/input1/event1"
[    16.879] (II) XINPUT: Adding extended input device "Sleep Button" (type: KEYBOARD, id 12)
[    16.879] (II) event1  - Sleep Button: is tagged by udev as: Keyboard
[    16.879] (II) event1  - Sleep Button: device is a keyboard
[    16.880] (II) config/udev: Adding input device HDA NVidia HDMI/DP,pcm=3 (/dev/input/event12)
[    16.880] (**) HDA NVidia HDMI/DP,pcm=3: Applying InputClass "touchpad"
[    16.880] (II) Using input driver 'libinput' for 'HDA NVidia HDMI/DP,pcm=3'
[    16.880] (II) systemd-logind: got fd for /dev/input/event12 13:76 fd 41 paused 0
[    16.880] (**) HDA NVidia HDMI/DP,pcm=3: always reports core events
[    16.880] (**) Option "Device" "/dev/input/event12"
[    16.881] (II) event12 - HDA NVidia HDMI/DP,pcm=3: is tagged by udev as: Switch
[    16.881] (II) event12 - not using input device '/dev/input/event12'.
[    16.881] (EE) libinput: HDA NVidia HDMI/DP,pcm=3: Failed to create a device for /dev/input/event12
[    16.881] (EE) PreInit returned 2 for "HDA NVidia HDMI/DP,pcm=3"
[    16.881] (II) UnloadModule: "libinput"
[    16.881] (II) systemd-logind: releasing fd for 13:76
[    16.881] (II) config/udev: Adding input device HDA NVidia HDMI/DP,pcm=7 (/dev/input/event13)
[    16.881] (**) HDA NVidia HDMI/DP,pcm=7: Applying InputClass "touchpad"
[    16.881] (II) Using input driver 'libinput' for 'HDA NVidia HDMI/DP,pcm=7'
[    16.882] (II) systemd-logind: got fd for /dev/input/event13 13:77 fd 41 paused 0
[    16.882] (**) HDA NVidia HDMI/DP,pcm=7: always reports core events
[    16.882] (**) Option "Device" "/dev/input/event13"
[    16.882] (II) event13 - HDA NVidia HDMI/DP,pcm=7: is tagged by udev as: Switch
[    16.882] (II) event13 - not using input device '/dev/input/event13'.
[    16.882] (EE) libinput: HDA NVidia HDMI/DP,pcm=7: Failed to create a device for /dev/input/event13
[    16.882] (EE) PreInit returned 2 for "HDA NVidia HDMI/DP,pcm=7"
[    16.882] (II) UnloadModule: "libinput"
[    16.882] (II) systemd-logind: releasing fd for 13:77
[    16.883] (II) config/udev: Adding input device HDA NVidia HDMI/DP,pcm=8 (/dev/input/event14)
[    16.883] (**) HDA NVidia HDMI/DP,pcm=8: Applying InputClass "touchpad"
[    16.883] (II) Using input driver 'libinput' for 'HDA NVidia HDMI/DP,pcm=8'
[    16.883] (II) systemd-logind: got fd for /dev/input/event14 13:78 fd 41 paused 0
[    16.883] (**) HDA NVidia HDMI/DP,pcm=8: always reports core events
[    16.883] (**) Option "Device" "/dev/input/event14"
[    16.884] (II) event14 - HDA NVidia HDMI/DP,pcm=8: is tagged by udev as: Switch
[    16.884] (II) event14 - not using input device '/dev/input/event14'.
[    16.884] (EE) libinput: HDA NVidia HDMI/DP,pcm=8: Failed to create a device for /dev/input/event14
[    16.884] (EE) PreInit returned 2 for "HDA NVidia HDMI/DP,pcm=8"
[    16.884] (II) UnloadModule: "libinput"
[    16.884] (II) systemd-logind: releasing fd for 13:78
[    16.884] (II) config/udev: Adding input device HDA NVidia HDMI/DP,pcm=9 (/dev/input/event15)
[    16.884] (**) HDA NVidia HDMI/DP,pcm=9: Applying InputClass "touchpad"
[    16.884] (II) Using input driver 'libinput' for 'HDA NVidia HDMI/DP,pcm=9'
[    16.885] (II) systemd-logind: got fd for /dev/input/event15 13:79 fd 41 paused 0
[    16.885] (**) HDA NVidia HDMI/DP,pcm=9: always reports core events
[    16.885] (**) Option "Device" "/dev/input/event15"
[    16.885] (II) event15 - HDA NVidia HDMI/DP,pcm=9: is tagged by udev as: Switch
[    16.885] (II) event15 - not using input device '/dev/input/event15'.
[    16.885] (EE) libinput: HDA NVidia HDMI/DP,pcm=9: Failed to create a device for /dev/input/event15
[    16.885] (EE) PreInit returned 2 for "HDA NVidia HDMI/DP,pcm=9"
[    16.885] (II) UnloadModule: "libinput"
[    16.885] (II) systemd-logind: releasing fd for 13:79
[    16.886] (II) config/udev: Adding input device SYNA7DB5:01 06CB:CD41 Mouse (/dev/input/event10)
[    16.886] (**) SYNA7DB5:01 06CB:CD41 Mouse: Applying InputClass "libinput pointer catchall"
[    16.886] (**) SYNA7DB5:01 06CB:CD41 Mouse: Applying InputClass "touchpad"
[    16.886] (II) Using input driver 'libinput' for 'SYNA7DB5:01 06CB:CD41 Mouse'
[    16.886] (II) systemd-logind: got fd for /dev/input/event10 13:74 fd 41 paused 0
[    16.886] (**) SYNA7DB5:01 06CB:CD41 Mouse: always reports core events
[    16.887] (**) Option "Device" "/dev/input/event10"
[    16.887] (II) event10 - SYNA7DB5:01 06CB:CD41 Mouse: is tagged by udev as: Mouse Pointingstick
[    16.887] (II) event10 - SYNA7DB5:01 06CB:CD41 Mouse: device is a pointer
[    16.888] (II) event10 - SYNA7DB5:01 06CB:CD41 Mouse: device removed
[    16.888] (II) libinput: SYNA7DB5:01 06CB:CD41 Mouse: Step value 0 was provided, libinput Fallback acceleration function is used.
[    16.888] (II) libinput: SYNA7DB5:01 06CB:CD41 Mouse: Step value 0 was provided, libinput Fallback acceleration function is used.
[    16.888] (II) libinput: SYNA7DB5:01 06CB:CD41 Mouse: Step value 0 was provided, libinput Fallback acceleration function is used.
[    16.888] (**) Option "NaturalScrolling" "true"
[    16.888] (**) Option "config_info" "udev:/sys/devices/pci0000:00/0000:00:15.1/i2c_designware.1/i2c-8/i2c-SYNA7DB5:01/0018:06CB:CD41.0001/input/input13/event10"
[    16.888] (II) XINPUT: Adding extended input device "SYNA7DB5:01 06CB:CD41 Mouse" (type: MOUSE, id 13)
[    16.888] (**) Option "AccelerationScheme" "none"
[    16.888] (**) SYNA7DB5:01 06CB:CD41 Mouse: (accel) selected scheme none/0
[    16.888] (**) SYNA7DB5:01 06CB:CD41 Mouse: (accel) acceleration factor: 2.000
[    16.888] (**) SYNA7DB5:01 06CB:CD41 Mouse: (accel) acceleration threshold: 4
[    16.889] (II) event10 - SYNA7DB5:01 06CB:CD41 Mouse: is tagged by udev as: Mouse Pointingstick
[    16.889] (II) event10 - SYNA7DB5:01 06CB:CD41 Mouse: device is a pointer
[    16.890] (II) config/udev: Adding input device SYNA7DB5:01 06CB:CD41 Mouse (/dev/input/mouse0)
[    16.890] (**) SYNA7DB5:01 06CB:CD41 Mouse: Applying InputClass "touchpad"
[    16.890] (II) Using input driver 'libinput' for 'SYNA7DB5:01 06CB:CD41 Mouse'
[    16.890] (**) SYNA7DB5:01 06CB:CD41 Mouse: always reports core events
[    16.890] (**) Option "Device" "/dev/input/mouse0"
[    16.890] (EE) xf86OpenSerial: Cannot open device /dev/input/mouse0
	Permission denied.
[    16.890] (II) mouse0: opening input device '/dev/input/mouse0' failed (Permission denied).
[    16.890] (II) mouse0  - failed to create input device '/dev/input/mouse0'.
[    16.890] (EE) libinput: SYNA7DB5:01 06CB:CD41 Mouse: Failed to create a device for /dev/input/mouse0
[    16.890] (EE) PreInit returned 2 for "SYNA7DB5:01 06CB:CD41 Mouse"
[    16.890] (II) UnloadModule: "libinput"
[    16.890] (II) config/udev: Adding input device SYNA7DB5:01 06CB:CD41 Touchpad (/dev/input/event11)
[    16.890] (**) SYNA7DB5:01 06CB:CD41 Touchpad: Applying InputClass "libinput touchpad catchall"
[    16.890] (**) SYNA7DB5:01 06CB:CD41 Touchpad: Applying InputClass "touchpad"
[    16.890] (II) Using input driver 'libinput' for 'SYNA7DB5:01 06CB:CD41 Touchpad'
[    16.891] (II) systemd-logind: got fd for /dev/input/event11 13:75 fd 42 paused 0
[    16.891] (**) SYNA7DB5:01 06CB:CD41 Touchpad: always reports core events
[    16.891] (**) Option "Device" "/dev/input/event11"
[    16.891] (II) event11 - SYNA7DB5:01 06CB:CD41 Touchpad: is tagged by udev as: Touchpad
[    16.892] (II) event11 - SYNA7DB5:01 06CB:CD41 Touchpad: device is a touchpad
[    16.892] (II) event11 - SYNA7DB5:01 06CB:CD41 Touchpad: device removed
[    16.892] (**) Option "Tapping" "on"
[    16.892] (II) libinput: SYNA7DB5:01 06CB:CD41 Touchpad: Step value 0 was provided, libinput Fallback acceleration function is used.
[    16.892] (II) libinput: SYNA7DB5:01 06CB:CD41 Touchpad: Step value 0 was provided, libinput Fallback acceleration function is used.
[    16.892] (II) libinput: SYNA7DB5:01 06CB:CD41 Touchpad: Step value 0 was provided, libinput Fallback acceleration function is used.
[    16.892] (**) Option "NaturalScrolling" "true"
[    16.893] (**) Option "ClickMethod" "clickfinger"
[    16.893] (**) Option "config_info" "udev:/sys/devices/pci0000:00/0000:00:15.1/i2c_designware.1/i2c-8/i2c-SYNA7DB5:01/0018:06CB:CD41.0001/input/input14/event11"
[    16.893] (II) XINPUT: Adding extended input device "SYNA7DB5:01 06CB:CD41 Touchpad" (type: TOUCHPAD, id 14)
[    16.893] (**) Option "AccelerationScheme" "none"
[    16.893] (**) SYNA7DB5:01 06CB:CD41 Touchpad: (accel) selected scheme none/0
[    16.893] (**) SYNA7DB5:01 06CB:CD41 Touchpad: (accel) acceleration factor: 2.000
[    16.893] (**) SYNA7DB5:01 06CB:CD41 Touchpad: (accel) acceleration threshold: 4
[    16.894] (II) event11 - SYNA7DB5:01 06CB:CD41 Touchpad: is tagged by udev as: Touchpad
[    16.895] (II) event11 - SYNA7DB5:01 06CB:CD41 Touchpad: device is a touchpad
[    16.896] (II) config/udev: Adding input device SYNA7DB5:01 06CB:CD41 Touchpad (/dev/input/mouse1)
[    16.896] (**) SYNA7DB5:01 06CB:CD41 Touchpad: Applying InputClass "touchpad"
[    16.896] (II) Using input driver 'libinput' for 'SYNA7DB5:01 06CB:CD41 Touchpad'
[    16.896] (**) SYNA7DB5:01 06CB:CD41 Touchpad: always reports core events
[    16.896] (**) Option "Device" "/dev/input/mouse1"
[    16.896] (EE) xf86OpenSerial: Cannot open device /dev/input/mouse1
	Permission denied.
[    16.896] (II) mouse1: opening input device '/dev/input/mouse1' failed (Permission denied).
[    16.896] (II) mouse1  - failed to create input device '/dev/input/mouse1'.
[    16.896] (EE) libinput: SYNA7DB5:01 06CB:CD41 Touchpad: Failed to create a device for /dev/input/mouse1
[    16.896] (EE) PreInit returned 2 for "SYNA7DB5:01 06CB:CD41 Touchpad"
[    16.896] (II) UnloadModule: "libinput"
[    16.896] (II) config/udev: Adding input device HDA Intel PCH Headphone (/dev/input/event16)
[    16.896] (**) HDA Intel PCH Headphone: Applying InputClass "touchpad"
[    16.896] (II) Using input driver 'libinput' for 'HDA Intel PCH Headphone'
[    16.896] (II) systemd-logind: got fd for /dev/input/event16 13:80 fd 43 paused 0
[    16.896] (**) HDA Intel PCH Headphone: always reports core events
[    16.896] (**) Option "Device" "/dev/input/event16"
[    16.897] (II) event16 - HDA Intel PCH Headphone: is tagged by udev as: Switch
[    16.897] (II) event16 - not using input device '/dev/input/event16'.
[    16.897] (EE) libinput: HDA Intel PCH Headphone: Failed to create a device for /dev/input/event16
[    16.897] (EE) PreInit returned 2 for "HDA Intel PCH Headphone"
[    16.897] (II) UnloadModule: "libinput"
[    16.897] (II) systemd-logind: releasing fd for 13:80
[    16.898] (II) config/udev: Adding input device HDA Intel PCH HDMI/DP,pcm=3 (/dev/input/event17)
[    16.898] (**) HDA Intel PCH HDMI/DP,pcm=3: Applying InputClass "touchpad"
[    16.898] (II) Using input driver 'libinput' for 'HDA Intel PCH HDMI/DP,pcm=3'
[    16.898] (II) systemd-logind: got fd for /dev/input/event17 13:81 fd 43 paused 0
[    16.898] (**) HDA Intel PCH HDMI/DP,pcm=3: always reports core events
[    16.898] (**) Option "Device" "/dev/input/event17"
[    16.898] (II) event17 - HDA Intel PCH HDMI/DP,pcm=3: is tagged by udev as: Switch
[    16.898] (II) event17 - not using input device '/dev/input/event17'.
[    16.898] (EE) libinput: HDA Intel PCH HDMI/DP,pcm=3: Failed to create a device for /dev/input/event17
[    16.898] (EE) PreInit returned 2 for "HDA Intel PCH HDMI/DP,pcm=3"
[    16.898] (II) UnloadModule: "libinput"
[    16.898] (II) systemd-logind: releasing fd for 13:81
[    16.899] (II) config/udev: Adding input device HDA Intel PCH HDMI/DP,pcm=7 (/dev/input/event18)
[    16.899] (**) HDA Intel PCH HDMI/DP,pcm=7: Applying InputClass "touchpad"
[    16.899] (II) Using input driver 'libinput' for 'HDA Intel PCH HDMI/DP,pcm=7'
[    16.900] (II) systemd-logind: got fd for /dev/input/event18 13:82 fd 43 paused 0
[    16.900] (**) HDA Intel PCH HDMI/DP,pcm=7: always reports core events
[    16.900] (**) Option "Device" "/dev/input/event18"
[    16.900] (II) event18 - HDA Intel PCH HDMI/DP,pcm=7: is tagged by udev as: Switch
[    16.900] (II) event18 - not using input device '/dev/input/event18'.
[    16.900] (EE) libinput: HDA Intel PCH HDMI/DP,pcm=7: Failed to create a device for /dev/input/event18
[    16.900] (EE) PreInit returned 2 for "HDA Intel PCH HDMI/DP,pcm=7"
[    16.900] (II) UnloadModule: "libinput"
[    16.900] (II) systemd-logind: releasing fd for 13:82
[    16.901] (II) config/udev: Adding input device HDA Intel PCH HDMI/DP,pcm=8 (/dev/input/event19)
[    16.901] (**) HDA Intel PCH HDMI/DP,pcm=8: Applying InputClass "touchpad"
[    16.901] (II) Using input driver 'libinput' for 'HDA Intel PCH HDMI/DP,pcm=8'
[    16.901] (II) systemd-logind: got fd for /dev/input/event19 13:83 fd 43 paused 0
[    16.901] (**) HDA Intel PCH HDMI/DP,pcm=8: always reports core events
[    16.901] (**) Option "Device" "/dev/input/event19"
[    16.902] (II) event19 - HDA Intel PCH HDMI/DP,pcm=8: is tagged by udev as: Switch
[    16.902] (II) event19 - not using input device '/dev/input/event19'.
[    16.902] (EE) libinput: HDA Intel PCH HDMI/DP,pcm=8: Failed to create a device for /dev/input/event19
[    16.902] (EE) PreInit returned 2 for "HDA Intel PCH HDMI/DP,pcm=8"
[    16.902] (II) UnloadModule: "libinput"
[    16.902] (II) systemd-logind: releasing fd for 13:83
[    16.903] (II) config/udev: Adding input device AT Translated Set 2 keyboard (/dev/input/event4)
[    16.903] (**) AT Translated Set 2 keyboard: Applying InputClass "libinput keyboard catchall"
[    16.903] (**) AT Translated Set 2 keyboard: Applying InputClass "touchpad"
[    16.903] (II) Using input driver 'libinput' for 'AT Translated Set 2 keyboard'
[    16.903] (II) systemd-logind: got fd for /dev/input/event4 13:68 fd 43 paused 0
[    16.903] (**) AT Translated Set 2 keyboard: always reports core events
[    16.903] (**) Option "Device" "/dev/input/event4"
[    16.903] (II) event4  - AT Translated Set 2 keyboard: is tagged by udev as: Keyboard
[    16.903] (II) event4  - AT Translated Set 2 keyboard: device is a keyboard
[    16.904] (II) event4  - AT Translated Set 2 keyboard: device removed
[    16.904] (**) Option "config_info" "udev:/sys/devices/platform/i8042/serio0/input/input4/event4"
[    16.904] (II) XINPUT: Adding extended input device "AT Translated Set 2 keyboard" (type: KEYBOARD, id 15)
[    16.905] (II) event4  - AT Translated Set 2 keyboard: is tagged by udev as: Keyboard
[    16.905] (II) event4  - AT Translated Set 2 keyboard: device is a keyboard
[    16.905] (II) config/udev: Adding input device PC Speaker (/dev/input/event8)
[    16.905] (**) PC Speaker: Applying InputClass "touchpad"
[    16.905] (II) Using input driver 'libinput' for 'PC Speaker'
[    16.906] (II) systemd-logind: got fd for /dev/input/event8 13:72 fd 44 paused 0
[    16.906] (**) PC Speaker: always reports core events
[    16.906] (**) Option "Device" "/dev/input/event8"
[    16.906] (II) event8  - PC Speaker: not tagged as supported input device
[    16.906] (II) event8  - not using input device '/dev/input/event8'.
[    16.906] (EE) libinput: PC Speaker: Failed to create a device for /dev/input/event8
[    16.906] (EE) PreInit returned 2 for "PC Speaker"
[    16.906] (II) UnloadModule: "libinput"
[    16.906] (II) systemd-logind: releasing fd for 13:72
[    16.908] (II) config/udev: Adding input device Acer WMI hotkeys (/dev/input/event9)
[    16.908] (**) Acer WMI hotkeys: Applying InputClass "libinput keyboard catchall"
[    16.908] (**) Acer WMI hotkeys: Applying InputClass "touchpad"
[    16.908] (II) Using input driver 'libinput' for 'Acer WMI hotkeys'
[    16.908] (II) systemd-logind: got fd for /dev/input/event9 13:73 fd 44 paused 0
[    16.908] (**) Acer WMI hotkeys: always reports core events
[    16.908] (**) Option "Device" "/dev/input/event9"
[    16.909] (II) event9  - Acer WMI hotkeys: is tagged by udev as: Keyboard
[    16.909] (II) event9  - Acer WMI hotkeys: device is a keyboard
[    16.909] (II) event9  - Acer WMI hotkeys: device removed
[    16.909] (**) Option "config_info" "udev:/sys/devices/virtual/input/input9/event9"
[    16.909] (II) XINPUT: Adding extended input device "Acer WMI hotkeys" (type: KEYBOARD, id 16)
[    16.909] (II) event9  - Acer WMI hotkeys: is tagged by udev as: Keyboard
[    16.909] (II) event9  - Acer WMI hotkeys: device is a keyboard
[    17.044] (WW) EDID timing clock 353.80 exceeds claimed max 345MHz, fixing
[    17.044] (II) modeset(0): EDID vendor "AUO", prod id 44944
[    17.044] (II) modeset(0): Using EDID range info for horizontal sync
[    17.044] (II) modeset(0): Using EDID range info for vertical refresh
[    17.044] (II) modeset(0): Printing DDC gathered Modelines:
[    17.044] (II) modeset(0): Modeline "1920x1080"x0.0  353.80  1920 2028 2076 2080  1080 1083 1088 1180 -hsync -vsync (170.1 kHz eP)
[    17.044] (II) modeset(0): Modeline "1920x1080"x0.0  143.00  1920 2028 2076 2080  1080 1083 1088 1142 -hsync -vsync (68.8 kHz e)
[    17.079] (WW) EDID timing clock 353.80 exceeds claimed max 345MHz, fixing
[    17.079] (II) modeset(0): EDID vendor "AUO", prod id 44944
[    17.079] (II) modeset(0): Using hsync ranges from config file
[    17.079] (II) modeset(0): Using vrefresh ranges from config file
[    17.079] (II) modeset(0): Printing DDC gathered Modelines:
[    17.079] (II) modeset(0): Modeline "1920x1080"x0.0  353.80  1920 2028 2076 2080  1080 1083 1088 1180 -hsync -vsync (170.1 kHz eP)
[    17.079] (II) modeset(0): Modeline "1920x1080"x0.0  143.00  1920 2028 2076 2080  1080 1083 1088 1142 -hsync -vsync (68.8 kHz e)
[  1654.530] (EE) event11 - SYNA7DB5:01 06CB:CD41 Touchpad: kernel bug: Touch jump detected and discarded.
See https://wayland.freedesktop.org/libinput/doc/1.25.0/touchpad-jumping-cursors.html for details
